#
# There is insufficient memory for the Java Runtime Environment to continue.
# Native memory allocation (mmap) failed to map 201326592 bytes for Failed to commit area from 0x0000000741c00000 to 0x000000074dc00000 of length 201326592.
# Possible reasons:
#   The system is out of physical RAM or swap space
#   The process is running with CompressedOops enabled, and the Java Heap may be blocking the growth of the native heap
# Possible solutions:
#   Reduce memory load on the system
#   Increase physical memory or swap space
#   Check if swap backing store is full
#   Decrease Java heap size (-Xmx/-Xms)
#   Decrease number of Java threads
#   Decrease Java thread stack sizes (-Xss)
#   Set larger code cache with -XX:ReservedCodeCacheSize=
# This output file may be truncated or incomplete.
#
#  Out of Memory Error (./open/src/hotspot/os/windows/os_windows.cpp:3273), pid=7952, tid=16816
#
# JRE version:  (11.0.11+9) (build )
# Java VM: Java HotSpot(TM) 64-Bit Server VM (11.0.11+9-LTS-194, mixed mode, sharing, tiered, compressed oops, g1 gc, windows-amd64)
# No core dump will be written. Minidumps are not enabled by default on client versions of Windows
#

---------------  S U M M A R Y ------------

Command Line: -XX:TieredStopAtLevel=1 -Xverify:none -Dspring.output.ansi.enabled=always -javaagent:C:\IntelliJ IDEA 2021.2\lib\idea_rt.jar=56774:C:\IntelliJ IDEA 2021.2\bin -Dcom.sun.management.jmxremote -Dspring.jmx.enabled=true -Dspring.liveBeansView.mbeanDomain -Dspring.application.admin.enabled=true -Dfile.encoding=UTF-8 hello.hellospring.HelloSpringApplication

Host: Intel(R) Core(TM) i5-8250U CPU @ 1.60GHz, 8 cores, 11G,  Windows 10 , 64 bit Build 19041 (10.0.19041.1151)
Time: Mon Aug 30 20:34:43 2021 대한민국 표준시 elapsed time: 0.033464 seconds (0d 0h 0m 0s)

---------------  T H R E A D  ---------------

Current thread (0x00000139733a2800):  JavaThread "Unknown thread" [_thread_in_vm, id=16816, stack(0x000000338bc00000,0x000000338bd00000)]

Stack: [0x000000338bc00000,0x000000338bd00000]
Native frames: (J=compiled Java code, j=interpreted, Vv=VM code, C=native code)
V  [jvm.dll+0x616f2a]
V  [jvm.dll+0x74de7f]
V  [jvm.dll+0x74f505]
V  [jvm.dll+0x74fb83]
V  [jvm.dll+0x2436d8]
V  [jvm.dll+0x61431a]
V  [jvm.dll+0x6090f5]
V  [jvm.dll+0x2f7eec]
V  [jvm.dll+0x2f7d72]
V  [jvm.dll+0x2fca26]
V  [jvm.dll+0x33efef]
V  [jvm.dll+0x33ea20]
V  [jvm.dll+0x2d5608]
V  [jvm.dll+0x2d6766]
V  [jvm.dll+0x7299e7]
V  [jvm.dll+0x72b28f]
V  [jvm.dll+0x34bd39]
V  [jvm.dll+0x70f360]
V  [jvm.dll+0x3b50df]
V  [jvm.dll+0x3b71e1]
C  [jli.dll+0x520b]
C  [ucrtbase.dll+0x21bb2]
C  [KERNEL32.DLL+0x17034]
C  [ntdll.dll+0x52651]


---------------  P R O C E S S  ---------------

Threads class SMR info:
_java_thread_list=0x000001397123af40, length=0, elements={
}

Java Threads: ( => current thread )

Other Threads:
  0x00000139733b7000 GCTaskThread "GC Thread#0" [stack: 0x000000338bd00000,0x000000338be00000] [id=14852]
  0x00000139733fc800 ConcurrentGCThread "G1 Main Marker" [stack: 0x000000338be00000,0x000000338bf00000] [id=16612]
  0x0000013973400800 ConcurrentGCThread "G1 Conc#0" [stack: 0x000000338bf00000,0x000000338c000000] [id=17880]

[error occurred during error reporting (printing all threads), id 0xc0000005, EXCEPTION_ACCESS_VIOLATION (0xc0000005) at pc=0x00007ffd9b974857]

VM state:not at safepoint (not fully initialized)

VM Mutex/Monitor currently owned by a thread:  ([mutex/lock_event])
[0x000001397339f590] Heap_lock - owner thread: 0x00000139733a2800

Heap address: 0x0000000741c00000, size: 3044 MB, Compressed Oops mode: Non-zero based: 0x0000000741c00000
Narrow klass base: 0x0000000000000000, Narrow klass shift: 0

GC Heap History (0 events):
No events

Deoptimization events (0 events):
No events

Classes redefined (0 events):
No events

Internal exceptions (0 events):
No events

Events (0 events):
No events


Dynamic libraries:
0x00007ff7e1fd0000 - 0x00007ff7e1fdf000 	C:\Program Files\Java\jdk-11.0.11\bin\java.exe
0x00007ffdfd830000 - 0x00007ffdfda25000 	C:\WINDOWS\SYSTEM32\ntdll.dll
0x00007ffdfbcb0000 - 0x00007ffdfbd6d000 	C:\WINDOWS\System32\KERNEL32.DLL
0x00007ffdfb100000 - 0x00007ffdfb3c9000 	C:\WINDOWS\System32\KERNELBASE.dll
0x00007ffdfaf60000 - 0x00007ffdfb060000 	C:\WINDOWS\System32\ucrtbase.dll
0x00007ffdf0d60000 - 0x00007ffdf0d78000 	C:\Program Files\Java\jdk-11.0.11\bin\jli.dll
0x00007ffdecc90000 - 0x00007ffdecca5000 	C:\Program Files\Java\jdk-11.0.11\bin\VCRUNTIME140.dll
0x00007ffdfb9c0000 - 0x00007ffdfba6c000 	C:\WINDOWS\System32\ADVAPI32.dll
0x00007ffdfd6a0000 - 0x00007ffdfd73e000 	C:\WINDOWS\System32\msvcrt.dll
0x00007ffdfc240000 - 0x00007ffdfc2db000 	C:\WINDOWS\System32\sechost.dll
0x00007ffdfbda0000 - 0x00007ffdfbeca000 	C:\WINDOWS\System32\RPCRT4.dll
0x00007ffdfc450000 - 0x00007ffdfc5f0000 	C:\WINDOWS\System32\USER32.dll
0x00007ffdfb670000 - 0x00007ffdfb692000 	C:\WINDOWS\System32\win32u.dll
0x00007ffde4600000 - 0x00007ffde489a000 	C:\WINDOWS\WinSxS\amd64_microsoft.windows.common-controls_6595b64144ccf1df_6.0.19041.1110_none_60b5254171f9507e\COMCTL32.dll
0x00007ffdfc400000 - 0x00007ffdfc42a000 	C:\WINDOWS\System32\GDI32.dll
0x00007ffdfb560000 - 0x00007ffdfb66b000 	C:\WINDOWS\System32\gdi32full.dll
0x00007ffdfb060000 - 0x00007ffdfb0fd000 	C:\WINDOWS\System32\msvcp_win.dll
0x00007ffdeac30000 - 0x00007ffdeac3a000 	C:\WINDOWS\SYSTEM32\VERSION.dll
0x00007ffdfbd70000 - 0x00007ffdfbda0000 	C:\WINDOWS\System32\IMM32.DLL
0x00007ffdd0ba0000 - 0x00007ffdd0c3b000 	C:\Program Files\Java\jdk-11.0.11\bin\msvcp140.dll
0x00007ffd9b690000 - 0x00007ffd9c18e000 	C:\Program Files\Java\jdk-11.0.11\bin\server\jvm.dll
0x00007ffdfc230000 - 0x00007ffdfc238000 	C:\WINDOWS\System32\PSAPI.DLL
0x00007ffdeadc0000 - 0x00007ffdeade7000 	C:\WINDOWS\SYSTEM32\WINMM.dll
0x00007ffde0170000 - 0x00007ffde0179000 	C:\WINDOWS\SYSTEM32\WSOCK32.dll
0x00007ffdfc9b0000 - 0x00007ffdfca1b000 	C:\WINDOWS\System32\WS2_32.dll
0x00007ffdf9840000 - 0x00007ffdf9852000 	C:\WINDOWS\SYSTEM32\kernel.appcore.dll
0x00007ffdf0d50000 - 0x00007ffdf0d60000 	C:\Program Files\Java\jdk-11.0.11\bin\verify.dll
0x00007ffdf8d60000 - 0x00007ffdf8f44000 	C:\WINDOWS\SYSTEM32\DBGHELP.DLL
0x00007ffde3dc0000 - 0x00007ffde3dec000 	C:\WINDOWS\SYSTEM32\dbgcore.DLL
0x00007ffdfb4d0000 - 0x00007ffdfb553000 	C:\WINDOWS\System32\bcryptPrimitives.dll
0x00007ffdd1a10000 - 0x00007ffdd1a38000 	C:\Program Files\Java\jdk-11.0.11\bin\java.dll
0x00007ffdecc80000 - 0x00007ffdecc8a000 	C:\Program Files\Java\jdk-11.0.11\bin\jimage.dll
0x00007ffdf14c0000 - 0x00007ffdf14ce000 	C:\Program Files\Java\jdk-11.0.11\bin\instrument.dll
0x00007ffde6780000 - 0x00007ffde6796000 	C:\Program Files\Java\jdk-11.0.11\bin\zip.dll

dbghelp: loaded successfully - version: 4.0.5 - missing functions: none
symbol engine: initialized successfully - sym options: 0x614 - pdb path: .;C:\Program Files\Java\jdk-11.0.11\bin;C:\WINDOWS\SYSTEM32;C:\WINDOWS\WinSxS\amd64_microsoft.windows.common-controls_6595b64144ccf1df_6.0.19041.1110_none_60b5254171f9507e;C:\Program Files\Java\jdk-11.0.11\bin\server

VM Arguments:
jvm_args: -XX:TieredStopAtLevel=1 -Xverify:none -Dspring.output.ansi.enabled=always -javaagent:C:\IntelliJ IDEA 2021.2\lib\idea_rt.jar=56774:C:\IntelliJ IDEA 2021.2\bin -Dcom.sun.management.jmxremote -Dspring.jmx.enabled=true -Dspring.liveBeansView.mbeanDomain -Dspring.application.admin.enabled=true -Dfile.encoding=UTF-8 
java_command: hello.hellospring.HelloSpringApplication
java_class_path (initial): D:\study\hello-spring\out\production\classes;D:\study\hello-spring\out\production\resources;C:\Users\tjddb\.gradle\caches\modules-2\files-2.1\org.springframework.boot\spring-boot-starter-thymeleaf\2.5.4\cade32e2891268e53f710d2e95671dff03de23b5\spring-boot-starter-thymeleaf-2.5.4.jar;C:\Users\tjddb\.gradle\caches\modules-2\files-2.1\org.springframework.boot\spring-boot-starter-web\2.5.4\2bef2cedf2e0d1038ab51a2c6154579c5945e60c\spring-boot-starter-web-2.5.4.jar;C:\Users\tjddb\.gradle\caches\modules-2\files-2.1\org.springframework.boot\spring-boot-starter-jdbc\2.5.4\ce13933bc6b2ce6789288407c9244a104c9af6ed\spring-boot-starter-jdbc-2.5.4.jar;C:\Users\tjddb\.gradle\caches\modules-2\files-2.1\org.springframework.boot\spring-boot-starter\2.5.4\d5028e89214b204e39e5920ae118d69293ac3d8a\spring-boot-starter-2.5.4.jar;C:\Users\tjddb\.gradle\caches\modules-2\files-2.1\org.thymeleaf\thymeleaf-spring5\3.0.12.RELEASE\aa640b214411978a23cbe271c3fb9569d1bda608\thymeleaf-spring5-3.0.12.RELEASE.jar;C:\Users\tjddb\.gradle\caches\modules-2\files-2.1\org.thymeleaf.extras\thymeleaf-extras-java8time\3.0.4.RELEASE\36e7175ddce36c486fff4578b5af7bb32f54f5df\thymeleaf-extras-java8time-3.0.4.RELEASE.jar;C:\Users\tjddb\.gradle\caches\modules-2\files-2.1\org.springframework.boot\spring-boot-starter-json\2.5.4\6bf89f94c5d2455689d8649a3ead440d05e0c8f7\spring-boot-starter-json-2.5.4.jar;C:\Users\tjddb\.gradle\caches\modules-2\files-2.1\org.springframework.boot\spring-boot-starter-tomcat\2.5.4\57c1254fe8630619f17ff0ed37d4ffdfd0528c20\spring-boot-starter-tomcat-2.5.4.jar;C:\Users\tjddb\.gradle\caches\modules-2\files-2.1\org.springframework\spring-webmvc\5.3.9\c3cd1f0bba2658995e887d2f0011ab9bd3da1773\spring-webmvc-5.3.9.jar;C:\Users\tjddb\.gradle\caches\modules-2\files-2.1\org.springframework\spring-web\5.3.9\88c920ec1bda67fea04daa8e16165777440df473\spring-web-5.3.9.jar;C:\Users\tjddb\.gradle\caches\modules-2\files-2.1\com.zaxxer\HikariCP\4.0.3\107cbdf0db6780a065f895ae9d8fbf3b
Launcher Type: SUN_STANDARD

[Global flags]
     bool BytecodeVerificationLocal                = false                                     {product} {command line}
     bool BytecodeVerificationRemote               = false                                     {product} {command line}
     intx CICompilerCount                          = 4                                         {product} {ergonomic}
     uint ConcGCThreads                            = 2                                         {product} {ergonomic}
     uint G1ConcRefinementThreads                  = 8                                         {product} {ergonomic}
   size_t G1HeapRegionSize                         = 1048576                                   {product} {ergonomic}
    uintx GCDrainStackTargetSize                   = 64                                        {product} {ergonomic}
   size_t InitialHeapSize                          = 201326592                                 {product} {ergonomic}
     bool ManagementServer                         = true                                      {product} {command line}
   size_t MarkStackSize                            = 4194304                                   {product} {ergonomic}
   size_t MaxHeapSize                              = 3191865344                                {product} {ergonomic}
   size_t MinHeapDeltaBytes                        = 1048576                                   {product} {ergonomic}
    uintx NonNMethodCodeHeapSize                   = 7549744                                {pd product} {ergonomic}
    uintx NonProfiledCodeHeapSize                  = 244108496                              {pd product} {ergonomic}
    uintx ProfiledCodeHeapSize                     = 0                                      {pd product} {ergonomic}
    uintx ReservedCodeCacheSize                    = 251658240                              {pd product} {ergonomic}
     bool SegmentedCodeCache                       = true                                      {product} {ergonomic}
     intx TieredStopAtLevel                        = 1                                         {product} {command line}
     bool UseCompressedClassPointers               = true                                 {lp64_product} {ergonomic}
     bool UseCompressedOops                        = true                                 {lp64_product} {ergonomic}
     bool UseG1GC                                  = true                                      {product} {ergonomic}
     bool UseLargePagesIndividualAllocation        = false                                  {pd product} {ergonomic}

Logging:
Log output configuration:
 #0: stdout all=warning uptime,level,tags
 #1: stderr all=off uptime,level,tags

Environment Variables:
PATH=C:\Program Files\Common Files\Oracle\Java\javapath;C:\oraclexe\app\oracle\product\11.2.0\server\bin;C:\Program Files (x86)\Common Files\Oracle\Java\javapath;C:\WINDOWS\system32;C:\WINDOWS;C:\WINDOWS\System32\Wbem;C:\WINDOWS\System32\WindowsPowerShell\v1.0\;C:\WINDOWS\System32\OpenSSH\;C:\Program Files\Git\cmd;C:\Program Files\Microsoft VS Code\bin;C:\Program Files\nodejs\;C:\Program Files\dotnet\;C:\Users\tjddb\AppData\Local\Microsoft\WindowsApps;C:\Program Files\Bandizip\;C:\Users\tjddb\AppData\Roaming\npm;C:\Users\tjddb\AppData\Local\afreeca;C:\Users\tjddb\AppData\Local\GitHubDesktop\bin;C:\IntelliJ IDEA 2021.2\bin;
USERNAME=Seongyoon Kim
OS=Windows_NT
PROCESSOR_IDENTIFIER=Intel64 Family 6 Model 142 Stepping 10, GenuineIntel



---------------  S Y S T E M  ---------------

OS: Windows 10 , 64 bit Build 19041 (10.0.19041.1151)

CPU:total 8 (initial active 8) (4 cores per cpu, 2 threads per core) family 6 model 142 stepping 10 microcode 0xe0, cmov, cx8, fxsr, mmx, sse, sse2, sse3, ssse3, sse4.1, sse4.2, popcnt, avx, avx2, aes, clmul, erms, 3dnowpref, lzcnt, ht, tsc, tscinvbit, bmi1, bmi2, adx, fma

Memory: 4k page, system-wide physical 12172M (1469M free)
TotalPageFile size 12172M (AvailPageFile size 119M)
current process WorkingSet (physical memory assigned to process): 10M, peak: 10M
current process commit charge ("private bytes"): 58M, peak: 249M

vm_info: Java HotSpot(TM) 64-Bit Server VM (11.0.11+9-LTS-194) for windows-amd64 JRE (11.0.11+9-LTS-194), built on Mar 18 2021 18:46:53 by "mach5one" with MS VC++ 15.9 (VS2017)

END.
