#
# There is insufficient memory for the Java Runtime Environment to continue.
# Native memory allocation (malloc) failed to allocate 1048576 bytes for AllocateHeap
# Possible reasons:
#   The system is out of physical RAM or swap space
#   The process is running with CompressedOops enabled, and the Java Heap may be blocking the growth of the native heap
# Possible solutions:
#   Reduce memory load on the system
#   Increase physical memory or swap space
#   Check if swap backing store is full
#   Decrease Java heap size (-Xmx/-Xms)
#   Decrease number of Java threads
#   Decrease Java thread stack sizes (-Xss)
#   Set larger code cache with -XX:ReservedCodeCacheSize=
#   JVM is running with Zero Based Compressed Oops mode in which the Java heap is
#     placed in the first 32GB address space. The Java Heap base address is the
#     maximum limit for the native heap growth. Please use -XX:HeapBaseMinAddress
#     to set the Java Heap base and to place the Java Heap above 32GB virtual address.
# This output file may be truncated or incomplete.
#
#  Out of Memory Error (./open/src/hotspot/share/memory/allocation.cpp:46), pid=7148, tid=23656
#
# JRE version: Java(TM) SE Runtime Environment 18.9 (11.0.11+9) (build 11.0.11+9-LTS-194)
# Java VM: Java HotSpot(TM) 64-Bit Server VM 18.9 (11.0.11+9-LTS-194, mixed mode, tiered, compressed oops, g1 gc, windows-amd64)
# No core dump will be written. Minidumps are not enabled by default on client versions of Windows
#

---------------  S U M M A R Y ------------

Command Line: -ea -Didea.test.cyclic.buffer.size=1048576 -javaagent:C:\IntelliJ IDEA 2021.2\lib\idea_rt.jar=50205:C:\IntelliJ IDEA 2021.2\bin -Dfile.encoding=UTF-8 com.intellij.rt.junit.JUnitStarter -ideVersion5 -junit5 hello.core.singleton.ConfigurationSingletonTest,configurationDeep

Host: Intel(R) Core(TM) i5-8250U CPU @ 1.60GHz, 8 cores, 11G,  Windows 10 , 64 bit Build 22000 (10.0.22000.318)
Time: Mon Dec  6 21:22:31 2021 대한민국 표준시 elapsed time: 2.161962 seconds (0d 0h 0m 2s)

---------------  T H R E A D  ---------------

Current thread (0x000001a4a1551800):  VMThread "VM Thread" [stack: 0x0000008098800000,0x0000008098900000] [id=23656]

Stack: [0x0000008098800000,0x0000008098900000]
[error occurred during error reporting (printing stack bounds), id 0xc0000005, EXCEPTION_ACCESS_VIOLATION (0xc0000005) at pc=0x000001a4883d0f2d]

Native frames: (J=compiled Java code, j=interpreted, Vv=VM code, C=native code)
V  [jvm.dll+0x616f2a]
V  [jvm.dll+0x74de7f]
V  [jvm.dll+0x74f505]
V  [jvm.dll+0x74fae5]
V  [jvm.dll+0x74fa9b]
V  [jvm.dll+0x616763]
V  [jvm.dll+0x616b28]
C  [ntdll.dll+0xa82ff]
C  [ntdll.dll+0x35a0a]
C  [ntdll.dll+0xa730e]
C  0x000001a4883d0f2d

VM_Operation (0x00000080982fc1a0): CollectForMetadataAllocation, mode: safepoint, requested by thread 0x000001a4ff874800


---------------  P R O C E S S  ---------------

Threads class SMR info:
_java_thread_list=0x000001a4a261ab20, length=11, elements={
0x000001a4ff874800, 0x000001a4a1553800, 0x000001a4a1555000, 0x000001a4a15e4000,
0x000001a4a15e6000, 0x000001a4a15e6800, 0x000001a4a15ee800, 0x000001a4a15ff800,
0x000001a4a0d09800, 0x000001a4a1a0a800, 0x000001a4a188e800
}

Java Threads: ( => current thread )
  0x000001a4ff874800 JavaThread "main" [_thread_blocked, id=11960, stack(0x0000008098200000,0x0000008098300000)]
  0x000001a4a1553800 JavaThread "Reference Handler" daemon [_thread_blocked, id=2232, stack(0x0000008098900000,0x0000008098a00000)]
  0x000001a4a1555000 JavaThread "Finalizer" daemon [_thread_blocked, id=3744, stack(0x0000008098a00000,0x0000008098b00000)]
  0x000001a4a15e4000 JavaThread "Signal Dispatcher" daemon [_thread_blocked, id=11400, stack(0x0000008098b00000,0x0000008098c00000)]
  0x000001a4a15e6000 JavaThread "Attach Listener" daemon [_thread_blocked, id=14352, stack(0x0000008098c00000,0x0000008098d00000)]
  0x000001a4a15e6800 JavaThread "C2 CompilerThread0" daemon [_thread_blocked, id=13200, stack(0x0000008098d00000,0x0000008098e00000)]
  0x000001a4a15ee800 JavaThread "C1 CompilerThread0" daemon [_thread_blocked, id=16444, stack(0x0000008098e00000,0x0000008098f00000)]
  0x000001a4a15ff800 JavaThread "Sweeper thread" daemon [_thread_blocked, id=23596, stack(0x0000008098f00000,0x0000008099000000)]
  0x000001a4a0d09800 JavaThread "Common-Cleaner" daemon [_thread_blocked, id=21880, stack(0x0000008099000000,0x0000008099100000)]
  0x000001a4a1a0a800 JavaThread "Monitor Ctrl-Break" daemon [_thread_in_native, id=13068, stack(0x0000008099200000,0x0000008099300000)]
  0x000001a4a188e800 JavaThread "Service Thread" daemon [_thread_blocked, id=10968, stack(0x0000008099300000,0x0000008099400000)]

Other Threads:
=>0x000001a4a1551800 VMThread "VM Thread" [stack: 0x0000008098800000,0x0000008098900000] [id=23656]
  0x000001a4a1893800 WatcherThread [stack: 0x0000008099400000,0x0000008099500000] [id=24560]
  0x000001a4ff889800 GCTaskThread "GC Thread#0" [stack: 0x0000008098300000,0x0000008098400000] [id=11348]
  0x000001a4a1e37000 GCTaskThread "GC Thread#1" [stack: 0x0000008099500000,0x0000008099600000] [id=17940]
  0x000001a4a1e38000 GCTaskThread "GC Thread#2" [stack: 0x0000008099600000,0x0000008099700000] [id=11040]
  0x000001a4a2598000 GCTaskThread "GC Thread#3" [stack: 0x0000008099700000,0x0000008099800000] [id=14688]
  0x000001a4ff8ce800 ConcurrentGCThread "G1 Main Marker" [stack: 0x0000008098400000,0x0000008098500000] [id=15108]
  0x000001a4ff8d1000 ConcurrentGCThread "G1 Conc#0" [stack: 0x0000008098500000,0x0000008098600000] [id=10604]
  0x000001a4a248b000 ConcurrentGCThread "G1 Conc#1" [stack: 0x0000008099100000,0x0000008099200000] [id=24260]
  0x000001a4a0bb0800 ConcurrentGCThread "G1 Refine#0" [stack: 0x0000008098600000,0x0000008098700000] [id=13956]
  0x000001a4a0bb3000 ConcurrentGCThread "G1 Young RemSet Sampling" [stack: 0x0000008098700000,0x0000008098800000] [id=14968]

Threads with active compile tasks:

VM state:at safepoint (normal execution)

VM Mutex/Monitor currently owned by a thread:  ([mutex/lock_event])
[0x000001a4ff870ba0] Threads_lock - owner thread: 0x000001a4a1551800
[0x000001a4ff871260] Heap_lock - owner thread: 0x000001a4ff874800

Heap address: 0x0000000741c00000, size: 3044 MB, Compressed Oops mode: Zero based, Oop shift amount: 3
Narrow klass base: 0x0000000800000000, Narrow klass shift: 0
Compressed class space size: 1073741824 Address: 0x0000000800000000

Heap:
 garbage-first heap   total 196608K, used 6272K [0x0000000741c00000, 0x0000000800000000)
  region size 1024K, 5 young (5120K), 5 survivors (5120K)
 Metaspace       used 17632K, capacity 18241K, committed 18304K, reserved 1073152K
  class space    used 1928K, capacity 2176K, committed 2176K, reserved 1048576K
Heap Regions: E=young(eden), S=young(survivor), O=old, HS=humongous(starts), HC=humongous(continues), CS=collection set, F=free, A=archive, TAMS=top-at-mark-start (previous, next)
|   0|0x0000000741c00000, 0x0000000741d00000, 0x0000000741d00000|100%| O|  |TAMS 0x0000000741c00000, 0x0000000741d00000| Untracked 
|   1|0x0000000741d00000, 0x0000000741df2000, 0x0000000741e00000| 94%| O|  |TAMS 0x0000000741d00000, 0x0000000741df2000| Untracked 
|   2|0x0000000741e00000, 0x0000000741e00000, 0x0000000741f00000|  0%| F|  |TAMS 0x0000000741e00000, 0x0000000741e00000| Untracked 
|   3|0x0000000741f00000, 0x0000000741f00000, 0x0000000742000000|  0%| F|  |TAMS 0x0000000741f00000, 0x0000000741f00000| Untracked 
|   4|0x0000000742000000, 0x0000000742000000, 0x0000000742100000|  0%| F|  |TAMS 0x0000000742000000, 0x0000000742000000| Untracked 
|   5|0x0000000742100000, 0x0000000742100000, 0x0000000742200000|  0%| F|  |TAMS 0x0000000742100000, 0x0000000742100000| Untracked 
|   6|0x0000000742200000, 0x0000000742200000, 0x0000000742300000|  0%| F|  |TAMS 0x0000000742200000, 0x0000000742200000| Untracked 
|   7|0x0000000742300000, 0x0000000742300000, 0x0000000742400000|  0%| F|  |TAMS 0x0000000742300000, 0x0000000742300000| Untracked 
|   8|0x0000000742400000, 0x0000000742400000, 0x0000000742500000|  0%| F|  |TAMS 0x0000000742400000, 0x0000000742400000| Untracked 
|   9|0x0000000742500000, 0x0000000742500000, 0x0000000742600000|  0%| F|  |TAMS 0x0000000742500000, 0x0000000742500000| Untracked 
|  10|0x0000000742600000, 0x0000000742600000, 0x0000000742700000|  0%| F|  |TAMS 0x0000000742600000, 0x0000000742600000| Untracked 
|  11|0x0000000742700000, 0x0000000742700000, 0x0000000742800000|  0%| F|  |TAMS 0x0000000742700000, 0x0000000742700000| Untracked 
|  12|0x0000000742800000, 0x0000000742800000, 0x0000000742900000|  0%| F|  |TAMS 0x0000000742800000, 0x0000000742800000| Untracked 
|  13|0x0000000742900000, 0x0000000742900000, 0x0000000742a00000|  0%| F|  |TAMS 0x0000000742900000, 0x0000000742900000| Untracked 
|  14|0x0000000742a00000, 0x0000000742a00000, 0x0000000742b00000|  0%| F|  |TAMS 0x0000000742a00000, 0x0000000742a00000| Untracked 
|  15|0x0000000742b00000, 0x0000000742b00000, 0x0000000742c00000|  0%| F|  |TAMS 0x0000000742b00000, 0x0000000742b00000| Untracked 
|  16|0x0000000742c00000, 0x0000000742c00000, 0x0000000742d00000|  0%| F|  |TAMS 0x0000000742c00000, 0x0000000742c00000| Untracked 
|  17|0x0000000742d00000, 0x0000000742d00000, 0x0000000742e00000|  0%| F|  |TAMS 0x0000000742d00000, 0x0000000742d00000| Untracked 
|  18|0x0000000742e00000, 0x0000000742e00000, 0x0000000742f00000|  0%| F|  |TAMS 0x0000000742e00000, 0x0000000742e00000| Untracked 
|  19|0x0000000742f00000, 0x0000000742f00000, 0x0000000743000000|  0%| F|  |TAMS 0x0000000742f00000, 0x0000000742f00000| Untracked 
|  20|0x0000000743000000, 0x0000000743000000, 0x0000000743100000|  0%| F|  |TAMS 0x0000000743000000, 0x0000000743000000| Untracked 
|  21|0x0000000743100000, 0x0000000743100000, 0x0000000743200000|  0%| F|  |TAMS 0x0000000743100000, 0x0000000743100000| Untracked 
|  22|0x0000000743200000, 0x0000000743200000, 0x0000000743300000|  0%| F|  |TAMS 0x0000000743200000, 0x0000000743200000| Untracked 
|  23|0x0000000743300000, 0x0000000743300000, 0x0000000743400000|  0%| F|  |TAMS 0x0000000743300000, 0x0000000743300000| Untracked 
|  24|0x0000000743400000, 0x0000000743400000, 0x0000000743500000|  0%| F|  |TAMS 0x0000000743400000, 0x0000000743400000| Untracked 
|  25|0x0000000743500000, 0x0000000743500000, 0x0000000743600000|  0%| F|  |TAMS 0x0000000743500000, 0x0000000743500000| Untracked 
|  26|0x0000000743600000, 0x0000000743600000, 0x0000000743700000|  0%| F|  |TAMS 0x0000000743600000, 0x0000000743600000| Untracked 
|  27|0x0000000743700000, 0x0000000743700000, 0x0000000743800000|  0%| F|  |TAMS 0x0000000743700000, 0x0000000743700000| Untracked 
|  28|0x0000000743800000, 0x0000000743800000, 0x0000000743900000|  0%| F|  |TAMS 0x0000000743800000, 0x0000000743800000| Untracked 
|  29|0x0000000743900000, 0x0000000743900000, 0x0000000743a00000|  0%| F|  |TAMS 0x0000000743900000, 0x0000000743900000| Untracked 
|  30|0x0000000743a00000, 0x0000000743a00000, 0x0000000743b00000|  0%| F|  |TAMS 0x0000000743a00000, 0x0000000743a00000| Untracked 
|  31|0x0000000743b00000, 0x0000000743b00000, 0x0000000743c00000|  0%| F|  |TAMS 0x0000000743b00000, 0x0000000743b00000| Untracked 
|  32|0x0000000743c00000, 0x0000000743c00000, 0x0000000743d00000|  0%| F|  |TAMS 0x0000000743c00000, 0x0000000743c00000| Untracked 
|  33|0x0000000743d00000, 0x0000000743d00000, 0x0000000743e00000|  0%| F|  |TAMS 0x0000000743d00000, 0x0000000743d00000| Untracked 
|  34|0x0000000743e00000, 0x0000000743e00000, 0x0000000743f00000|  0%| F|  |TAMS 0x0000000743e00000, 0x0000000743e00000| Untracked 
|  35|0x0000000743f00000, 0x0000000743f00000, 0x0000000744000000|  0%| F|  |TAMS 0x0000000743f00000, 0x0000000743f00000| Untracked 
|  36|0x0000000744000000, 0x0000000744000000, 0x0000000744100000|  0%| F|  |TAMS 0x0000000744000000, 0x0000000744000000| Untracked 
|  37|0x0000000744100000, 0x0000000744100000, 0x0000000744200000|  0%| F|  |TAMS 0x0000000744100000, 0x0000000744100000| Untracked 
|  38|0x0000000744200000, 0x0000000744200000, 0x0000000744300000|  0%| F|  |TAMS 0x0000000744200000, 0x0000000744200000| Untracked 
|  39|0x0000000744300000, 0x0000000744300000, 0x0000000744400000|  0%| F|  |TAMS 0x0000000744300000, 0x0000000744300000| Untracked 
|  40|0x0000000744400000, 0x0000000744400000, 0x0000000744500000|  0%| F|  |TAMS 0x0000000744400000, 0x0000000744400000| Untracked 
|  41|0x0000000744500000, 0x0000000744500000, 0x0000000744600000|  0%| F|  |TAMS 0x0000000744500000, 0x0000000744500000| Untracked 
|  42|0x0000000744600000, 0x0000000744600000, 0x0000000744700000|  0%| F|  |TAMS 0x0000000744600000, 0x0000000744600000| Untracked 
|  43|0x0000000744700000, 0x0000000744700000, 0x0000000744800000|  0%| F|  |TAMS 0x0000000744700000, 0x0000000744700000| Untracked 
|  44|0x0000000744800000, 0x0000000744800000, 0x0000000744900000|  0%| F|  |TAMS 0x0000000744800000, 0x0000000744800000| Untracked 
|  45|0x0000000744900000, 0x0000000744900000, 0x0000000744a00000|  0%| F|  |TAMS 0x0000000744900000, 0x0000000744900000| Untracked 
|  46|0x0000000744a00000, 0x0000000744a00000, 0x0000000744b00000|  0%| F|  |TAMS 0x0000000744a00000, 0x0000000744a00000| Untracked 
|  47|0x0000000744b00000, 0x0000000744b00000, 0x0000000744c00000|  0%| F|  |TAMS 0x0000000744b00000, 0x0000000744b00000| Untracked 
|  48|0x0000000744c00000, 0x0000000744c00000, 0x0000000744d00000|  0%| F|  |TAMS 0x0000000744c00000, 0x0000000744c00000| Untracked 
|  49|0x0000000744d00000, 0x0000000744d00000, 0x0000000744e00000|  0%| F|  |TAMS 0x0000000744d00000, 0x0000000744d00000| Untracked 
|  50|0x0000000744e00000, 0x0000000744e00000, 0x0000000744f00000|  0%| F|  |TAMS 0x0000000744e00000, 0x0000000744e00000| Untracked 
|  51|0x0000000744f00000, 0x0000000744f00000, 0x0000000745000000|  0%| F|  |TAMS 0x0000000744f00000, 0x0000000744f00000| Untracked 
|  52|0x0000000745000000, 0x0000000745000000, 0x0000000745100000|  0%| F|  |TAMS 0x0000000745000000, 0x0000000745000000| Untracked 
|  53|0x0000000745100000, 0x0000000745100000, 0x0000000745200000|  0%| F|  |TAMS 0x0000000745100000, 0x0000000745100000| Untracked 
|  54|0x0000000745200000, 0x0000000745200000, 0x0000000745300000|  0%| F|  |TAMS 0x0000000745200000, 0x0000000745200000| Untracked 
|  55|0x0000000745300000, 0x0000000745300000, 0x0000000745400000|  0%| F|  |TAMS 0x0000000745300000, 0x0000000745300000| Untracked 
|  56|0x0000000745400000, 0x0000000745400000, 0x0000000745500000|  0%| F|  |TAMS 0x0000000745400000, 0x0000000745400000| Untracked 
|  57|0x0000000745500000, 0x0000000745500000, 0x0000000745600000|  0%| F|  |TAMS 0x0000000745500000, 0x0000000745500000| Untracked 
|  58|0x0000000745600000, 0x0000000745600000, 0x0000000745700000|  0%| F|  |TAMS 0x0000000745600000, 0x0000000745600000| Untracked 
|  59|0x0000000745700000, 0x0000000745700000, 0x0000000745800000|  0%| F|  |TAMS 0x0000000745700000, 0x0000000745700000| Untracked 
|  60|0x0000000745800000, 0x0000000745800000, 0x0000000745900000|  0%| F|  |TAMS 0x0000000745800000, 0x0000000745800000| Untracked 
|  61|0x0000000745900000, 0x0000000745900000, 0x0000000745a00000|  0%| F|  |TAMS 0x0000000745900000, 0x0000000745900000| Untracked 
|  62|0x0000000745a00000, 0x0000000745a00000, 0x0000000745b00000|  0%| F|  |TAMS 0x0000000745a00000, 0x0000000745a00000| Untracked 
|  63|0x0000000745b00000, 0x0000000745b00000, 0x0000000745c00000|  0%| F|  |TAMS 0x0000000745b00000, 0x0000000745b00000| Untracked 
|  64|0x0000000745c00000, 0x0000000745c00000, 0x0000000745d00000|  0%| F|  |TAMS 0x0000000745c00000, 0x0000000745c00000| Untracked 
|  65|0x0000000745d00000, 0x0000000745d00000, 0x0000000745e00000|  0%| F|  |TAMS 0x0000000745d00000, 0x0000000745d00000| Untracked 
|  66|0x0000000745e00000, 0x0000000745e00000, 0x0000000745f00000|  0%| F|  |TAMS 0x0000000745e00000, 0x0000000745e00000| Untracked 
|  67|0x0000000745f00000, 0x0000000745f00000, 0x0000000746000000|  0%| F|  |TAMS 0x0000000745f00000, 0x0000000745f00000| Untracked 
|  68|0x0000000746000000, 0x0000000746000000, 0x0000000746100000|  0%| F|  |TAMS 0x0000000746000000, 0x0000000746000000| Untracked 
|  69|0x0000000746100000, 0x0000000746100000, 0x0000000746200000|  0%| F|  |TAMS 0x0000000746100000, 0x0000000746100000| Untracked 
|  70|0x0000000746200000, 0x0000000746200000, 0x0000000746300000|  0%| F|  |TAMS 0x0000000746200000, 0x0000000746200000| Untracked 
|  71|0x0000000746300000, 0x0000000746300000, 0x0000000746400000|  0%| F|  |TAMS 0x0000000746300000, 0x0000000746300000| Untracked 
|  72|0x0000000746400000, 0x0000000746400000, 0x0000000746500000|  0%| F|  |TAMS 0x0000000746400000, 0x0000000746400000| Untracked 
|  73|0x0000000746500000, 0x0000000746500000, 0x0000000746600000|  0%| F|  |TAMS 0x0000000746500000, 0x0000000746500000| Untracked 
|  74|0x0000000746600000, 0x0000000746600000, 0x0000000746700000|  0%| F|  |TAMS 0x0000000746600000, 0x0000000746600000| Untracked 
|  75|0x0000000746700000, 0x0000000746700000, 0x0000000746800000|  0%| F|  |TAMS 0x0000000746700000, 0x0000000746700000| Untracked 
|  76|0x0000000746800000, 0x0000000746800000, 0x0000000746900000|  0%| F|  |TAMS 0x0000000746800000, 0x0000000746800000| Untracked 
|  77|0x0000000746900000, 0x0000000746900000, 0x0000000746a00000|  0%| F|  |TAMS 0x0000000746900000, 0x0000000746900000| Untracked 
|  78|0x0000000746a00000, 0x0000000746a00000, 0x0000000746b00000|  0%| F|  |TAMS 0x0000000746a00000, 0x0000000746a00000| Untracked 
|  79|0x0000000746b00000, 0x0000000746b00000, 0x0000000746c00000|  0%| F|  |TAMS 0x0000000746b00000, 0x0000000746b00000| Untracked 
|  80|0x0000000746c00000, 0x0000000746c00000, 0x0000000746d00000|  0%| F|  |TAMS 0x0000000746c00000, 0x0000000746c00000| Untracked 
|  81|0x0000000746d00000, 0x0000000746d00000, 0x0000000746e00000|  0%| F|  |TAMS 0x0000000746d00000, 0x0000000746d00000| Untracked 
|  82|0x0000000746e00000, 0x0000000746e00000, 0x0000000746f00000|  0%| F|  |TAMS 0x0000000746e00000, 0x0000000746e00000| Untracked 
|  83|0x0000000746f00000, 0x0000000746f00000, 0x0000000747000000|  0%| F|  |TAMS 0x0000000746f00000, 0x0000000746f00000| Untracked 
|  84|0x0000000747000000, 0x0000000747000000, 0x0000000747100000|  0%| F|  |TAMS 0x0000000747000000, 0x0000000747000000| Untracked 
|  85|0x0000000747100000, 0x0000000747100000, 0x0000000747200000|  0%| F|  |TAMS 0x0000000747100000, 0x0000000747100000| Untracked 
|  86|0x0000000747200000, 0x0000000747200000, 0x0000000747300000|  0%| F|  |TAMS 0x0000000747200000, 0x0000000747200000| Untracked 
|  87|0x0000000747300000, 0x0000000747300000, 0x0000000747400000|  0%| F|  |TAMS 0x0000000747300000, 0x0000000747300000| Untracked 
|  88|0x0000000747400000, 0x0000000747400000, 0x0000000747500000|  0%| F|  |TAMS 0x0000000747400000, 0x0000000747400000| Untracked 
|  89|0x0000000747500000, 0x0000000747500000, 0x0000000747600000|  0%| F|  |TAMS 0x0000000747500000, 0x0000000747500000| Untracked 
|  90|0x0000000747600000, 0x0000000747600000, 0x0000000747700000|  0%| F|  |TAMS 0x0000000747600000, 0x0000000747600000| Untracked 
|  91|0x0000000747700000, 0x0000000747700000, 0x0000000747800000|  0%| F|  |TAMS 0x0000000747700000, 0x0000000747700000| Untracked 
|  92|0x0000000747800000, 0x0000000747800000, 0x0000000747900000|  0%| F|  |TAMS 0x0000000747800000, 0x0000000747800000| Untracked 
|  93|0x0000000747900000, 0x0000000747900000, 0x0000000747a00000|  0%| F|  |TAMS 0x0000000747900000, 0x0000000747900000| Untracked 
|  94|0x0000000747a00000, 0x0000000747a00000, 0x0000000747b00000|  0%| F|  |TAMS 0x0000000747a00000, 0x0000000747a00000| Untracked 
|  95|0x0000000747b00000, 0x0000000747b00000, 0x0000000747c00000|  0%| F|  |TAMS 0x0000000747b00000, 0x0000000747b00000| Untracked 
|  96|0x0000000747c00000, 0x0000000747c00000, 0x0000000747d00000|  0%| F|  |TAMS 0x0000000747c00000, 0x0000000747c00000| Untracked 
|  97|0x0000000747d00000, 0x0000000747d00000, 0x0000000747e00000|  0%| F|  |TAMS 0x0000000747d00000, 0x0000000747d00000| Untracked 
|  98|0x0000000747e00000, 0x0000000747e00000, 0x0000000747f00000|  0%| F|  |TAMS 0x0000000747e00000, 0x0000000747e00000| Untracked 
|  99|0x0000000747f00000, 0x0000000747f00000, 0x0000000748000000|  0%| F|  |TAMS 0x0000000747f00000, 0x0000000747f00000| Untracked 
| 100|0x0000000748000000, 0x0000000748000000, 0x0000000748100000|  0%| F|  |TAMS 0x0000000748000000, 0x0000000748000000| Untracked 
| 101|0x0000000748100000, 0x0000000748100000, 0x0000000748200000|  0%| F|  |TAMS 0x0000000748100000, 0x0000000748100000| Untracked 
| 102|0x0000000748200000, 0x0000000748200000, 0x0000000748300000|  0%| F|  |TAMS 0x0000000748200000, 0x0000000748200000| Untracked 
| 103|0x0000000748300000, 0x0000000748300000, 0x0000000748400000|  0%| F|  |TAMS 0x0000000748300000, 0x0000000748300000| Untracked 
| 104|0x0000000748400000, 0x0000000748400000, 0x0000000748500000|  0%| F|  |TAMS 0x0000000748400000, 0x0000000748400000| Untracked 
| 105|0x0000000748500000, 0x0000000748500000, 0x0000000748600000|  0%| F|  |TAMS 0x0000000748500000, 0x0000000748500000| Untracked 
| 106|0x0000000748600000, 0x0000000748600000, 0x0000000748700000|  0%| F|  |TAMS 0x0000000748600000, 0x0000000748600000| Untracked 
| 107|0x0000000748700000, 0x0000000748700000, 0x0000000748800000|  0%| F|  |TAMS 0x0000000748700000, 0x0000000748700000| Untracked 
| 108|0x0000000748800000, 0x0000000748800000, 0x0000000748900000|  0%| F|  |TAMS 0x0000000748800000, 0x0000000748800000| Untracked 
| 109|0x0000000748900000, 0x0000000748900000, 0x0000000748a00000|  0%| F|  |TAMS 0x0000000748900000, 0x0000000748900000| Untracked 
| 110|0x0000000748a00000, 0x0000000748a00000, 0x0000000748b00000|  0%| F|  |TAMS 0x0000000748a00000, 0x0000000748a00000| Untracked 
| 111|0x0000000748b00000, 0x0000000748b00000, 0x0000000748c00000|  0%| F|  |TAMS 0x0000000748b00000, 0x0000000748b00000| Untracked 
| 112|0x0000000748c00000, 0x0000000748c00000, 0x0000000748d00000|  0%| F|  |TAMS 0x0000000748c00000, 0x0000000748c00000| Untracked 
| 113|0x0000000748d00000, 0x0000000748d00000, 0x0000000748e00000|  0%| F|  |TAMS 0x0000000748d00000, 0x0000000748d00000| Untracked 
| 114|0x0000000748e00000, 0x0000000748e00000, 0x0000000748f00000|  0%| F|  |TAMS 0x0000000748e00000, 0x0000000748e00000| Untracked 
| 115|0x0000000748f00000, 0x0000000748f00000, 0x0000000749000000|  0%| F|  |TAMS 0x0000000748f00000, 0x0000000748f00000| Untracked 
| 116|0x0000000749000000, 0x0000000749000000, 0x0000000749100000|  0%| F|  |TAMS 0x0000000749000000, 0x0000000749000000| Untracked 
| 117|0x0000000749100000, 0x0000000749100000, 0x0000000749200000|  0%| F|  |TAMS 0x0000000749100000, 0x0000000749100000| Untracked 
| 118|0x0000000749200000, 0x0000000749200000, 0x0000000749300000|  0%| F|  |TAMS 0x0000000749200000, 0x0000000749200000| Untracked 
| 119|0x0000000749300000, 0x0000000749300000, 0x0000000749400000|  0%| F|  |TAMS 0x0000000749300000, 0x0000000749300000| Untracked 
| 120|0x0000000749400000, 0x0000000749400000, 0x0000000749500000|  0%| F|  |TAMS 0x0000000749400000, 0x0000000749400000| Untracked 
| 121|0x0000000749500000, 0x0000000749500000, 0x0000000749600000|  0%| F|  |TAMS 0x0000000749500000, 0x0000000749500000| Untracked 
| 122|0x0000000749600000, 0x0000000749600000, 0x0000000749700000|  0%| F|  |TAMS 0x0000000749600000, 0x0000000749600000| Untracked 
| 123|0x0000000749700000, 0x0000000749700000, 0x0000000749800000|  0%| F|  |TAMS 0x0000000749700000, 0x0000000749700000| Untracked 
| 124|0x0000000749800000, 0x0000000749800000, 0x0000000749900000|  0%| F|  |TAMS 0x0000000749800000, 0x0000000749800000| Untracked 
| 125|0x0000000749900000, 0x0000000749900000, 0x0000000749a00000|  0%| F|  |TAMS 0x0000000749900000, 0x0000000749900000| Untracked 
| 126|0x0000000749a00000, 0x0000000749a00000, 0x0000000749b00000|  0%| F|  |TAMS 0x0000000749a00000, 0x0000000749a00000| Untracked 
| 127|0x0000000749b00000, 0x0000000749b00000, 0x0000000749c00000|  0%| F|  |TAMS 0x0000000749b00000, 0x0000000749b00000| Untracked 
| 128|0x0000000749c00000, 0x0000000749c00000, 0x0000000749d00000|  0%| F|  |TAMS 0x0000000749c00000, 0x0000000749c00000| Untracked 
| 129|0x0000000749d00000, 0x0000000749d00000, 0x0000000749e00000|  0%| F|  |TAMS 0x0000000749d00000, 0x0000000749d00000| Untracked 
| 130|0x0000000749e00000, 0x0000000749e00000, 0x0000000749f00000|  0%| F|  |TAMS 0x0000000749e00000, 0x0000000749e00000| Untracked 
| 131|0x0000000749f00000, 0x0000000749f00000, 0x000000074a000000|  0%| F|  |TAMS 0x0000000749f00000, 0x0000000749f00000| Untracked 
| 132|0x000000074a000000, 0x000000074a000000, 0x000000074a100000|  0%| F|  |TAMS 0x000000074a000000, 0x000000074a000000| Untracked 
| 133|0x000000074a100000, 0x000000074a100000, 0x000000074a200000|  0%| F|  |TAMS 0x000000074a100000, 0x000000074a100000| Untracked 
| 134|0x000000074a200000, 0x000000074a200000, 0x000000074a300000|  0%| F|  |TAMS 0x000000074a200000, 0x000000074a200000| Untracked 
| 135|0x000000074a300000, 0x000000074a300000, 0x000000074a400000|  0%| F|  |TAMS 0x000000074a300000, 0x000000074a300000| Untracked 
| 136|0x000000074a400000, 0x000000074a400000, 0x000000074a500000|  0%| F|  |TAMS 0x000000074a400000, 0x000000074a400000| Untracked 
| 137|0x000000074a500000, 0x000000074a500000, 0x000000074a600000|  0%| F|  |TAMS 0x000000074a500000, 0x000000074a500000| Untracked 
| 138|0x000000074a600000, 0x000000074a600000, 0x000000074a700000|  0%| F|  |TAMS 0x000000074a600000, 0x000000074a600000| Untracked 
| 139|0x000000074a700000, 0x000000074a700000, 0x000000074a800000|  0%| F|  |TAMS 0x000000074a700000, 0x000000074a700000| Untracked 
| 140|0x000000074a800000, 0x000000074a800000, 0x000000074a900000|  0%| F|  |TAMS 0x000000074a800000, 0x000000074a800000| Untracked 
| 141|0x000000074a900000, 0x000000074a900000, 0x000000074aa00000|  0%| F|  |TAMS 0x000000074a900000, 0x000000074a900000| Untracked 
| 142|0x000000074aa00000, 0x000000074aa00000, 0x000000074ab00000|  0%| F|  |TAMS 0x000000074aa00000, 0x000000074aa00000| Untracked 
| 143|0x000000074ab00000, 0x000000074ab00000, 0x000000074ac00000|  0%| F|  |TAMS 0x000000074ab00000, 0x000000074ab00000| Untracked 
| 144|0x000000074ac00000, 0x000000074ac00000, 0x000000074ad00000|  0%| F|  |TAMS 0x000000074ac00000, 0x000000074ac00000| Untracked 
| 145|0x000000074ad00000, 0x000000074ad00000, 0x000000074ae00000|  0%| F|  |TAMS 0x000000074ad00000, 0x000000074ad00000| Untracked 
| 146|0x000000074ae00000, 0x000000074ae00000, 0x000000074af00000|  0%| F|  |TAMS 0x000000074ae00000, 0x000000074ae00000| Untracked 
| 147|0x000000074af00000, 0x000000074af00000, 0x000000074b000000|  0%| F|  |TAMS 0x000000074af00000, 0x000000074af00000| Untracked 
| 148|0x000000074b000000, 0x000000074b000000, 0x000000074b100000|  0%| F|  |TAMS 0x000000074b000000, 0x000000074b000000| Untracked 
| 149|0x000000074b100000, 0x000000074b100000, 0x000000074b200000|  0%| F|  |TAMS 0x000000074b100000, 0x000000074b100000| Untracked 
| 150|0x000000074b200000, 0x000000074b200000, 0x000000074b300000|  0%| F|  |TAMS 0x000000074b200000, 0x000000074b200000| Untracked 
| 151|0x000000074b300000, 0x000000074b300000, 0x000000074b400000|  0%| F|  |TAMS 0x000000074b300000, 0x000000074b300000| Untracked 
| 152|0x000000074b400000, 0x000000074b400000, 0x000000074b500000|  0%| F|  |TAMS 0x000000074b400000, 0x000000074b400000| Untracked 
| 153|0x000000074b500000, 0x000000074b500000, 0x000000074b600000|  0%| F|  |TAMS 0x000000074b500000, 0x000000074b500000| Untracked 
| 154|0x000000074b600000, 0x000000074b600000, 0x000000074b700000|  0%| F|  |TAMS 0x000000074b600000, 0x000000074b600000| Untracked 
| 155|0x000000074b700000, 0x000000074b700000, 0x000000074b800000|  0%| F|  |TAMS 0x000000074b700000, 0x000000074b700000| Untracked 
| 156|0x000000074b800000, 0x000000074b800000, 0x000000074b900000|  0%| F|  |TAMS 0x000000074b800000, 0x000000074b800000| Untracked 
| 157|0x000000074b900000, 0x000000074b900000, 0x000000074ba00000|  0%| F|  |TAMS 0x000000074b900000, 0x000000074b900000| Untracked 
| 158|0x000000074ba00000, 0x000000074ba00000, 0x000000074bb00000|  0%| F|  |TAMS 0x000000074ba00000, 0x000000074ba00000| Untracked 
| 159|0x000000074bb00000, 0x000000074bb2e380, 0x000000074bc00000| 18%| S|CS|TAMS 0x000000074bb00000, 0x000000074bb00000| Complete 
| 160|0x000000074bc00000, 0x000000074bd00000, 0x000000074bd00000|100%| S|CS|TAMS 0x000000074bc00000, 0x000000074bc00000| Complete 
| 161|0x000000074bd00000, 0x000000074be00000, 0x000000074be00000|100%| S|CS|TAMS 0x000000074bd00000, 0x000000074bd00000| Complete 
| 162|0x000000074be00000, 0x000000074bf00000, 0x000000074bf00000|100%| S|CS|TAMS 0x000000074be00000, 0x000000074be00000| Complete 
| 163|0x000000074bf00000, 0x000000074c000000, 0x000000074c000000|100%| S|CS|TAMS 0x000000074bf00000, 0x000000074bf00000| Complete 
| 164|0x000000074c000000, 0x000000074c000000, 0x000000074c100000|  0%| F|  |TAMS 0x000000074c000000, 0x000000074c000000| Untracked 
| 165|0x000000074c100000, 0x000000074c100000, 0x000000074c200000|  0%| F|  |TAMS 0x000000074c100000, 0x000000074c100000| Untracked 
| 166|0x000000074c200000, 0x000000074c200000, 0x000000074c300000|  0%| F|  |TAMS 0x000000074c200000, 0x000000074c200000| Untracked 
| 167|0x000000074c300000, 0x000000074c300000, 0x000000074c400000|  0%| F|  |TAMS 0x000000074c300000, 0x000000074c300000| Untracked 
| 168|0x000000074c400000, 0x000000074c400000, 0x000000074c500000|  0%| F|  |TAMS 0x000000074c400000, 0x000000074c400000| Untracked 
| 169|0x000000074c500000, 0x000000074c500000, 0x000000074c600000|  0%| F|  |TAMS 0x000000074c500000, 0x000000074c500000| Untracked 
| 170|0x000000074c600000, 0x000000074c600000, 0x000000074c700000|  0%| F|  |TAMS 0x000000074c600000, 0x000000074c600000| Untracked 
| 171|0x000000074c700000, 0x000000074c700000, 0x000000074c800000|  0%| F|  |TAMS 0x000000074c700000, 0x000000074c700000| Untracked 
| 172|0x000000074c800000, 0x000000074c800000, 0x000000074c900000|  0%| F|  |TAMS 0x000000074c800000, 0x000000074c800000| Untracked 
| 173|0x000000074c900000, 0x000000074c900000, 0x000000074ca00000|  0%| F|  |TAMS 0x000000074c900000, 0x000000074c900000| Untracked 
| 174|0x000000074ca00000, 0x000000074ca00000, 0x000000074cb00000|  0%| F|  |TAMS 0x000000074ca00000, 0x000000074ca00000| Untracked 
| 175|0x000000074cb00000, 0x000000074cb00000, 0x000000074cc00000|  0%| F|  |TAMS 0x000000074cb00000, 0x000000074cb00000| Untracked 
| 176|0x000000074cc00000, 0x000000074cc00000, 0x000000074cd00000|  0%| F|  |TAMS 0x000000074cc00000, 0x000000074cc00000| Untracked 
| 177|0x000000074cd00000, 0x000000074cd00000, 0x000000074ce00000|  0%| F|  |TAMS 0x000000074cd00000, 0x000000074cd00000| Untracked 
| 178|0x000000074ce00000, 0x000000074ce00000, 0x000000074cf00000|  0%| F|  |TAMS 0x000000074ce00000, 0x000000074ce00000| Untracked 
| 179|0x000000074cf00000, 0x000000074cf00000, 0x000000074d000000|  0%| F|  |TAMS 0x000000074cf00000, 0x000000074cf00000| Untracked 
| 180|0x000000074d000000, 0x000000074d000000, 0x000000074d100000|  0%| F|  |TAMS 0x000000074d000000, 0x000000074d000000| Untracked 
| 181|0x000000074d100000, 0x000000074d100000, 0x000000074d200000|  0%| F|  |TAMS 0x000000074d100000, 0x000000074d100000| Untracked 
| 182|0x000000074d200000, 0x000000074d200000, 0x000000074d300000|  0%| F|  |TAMS 0x000000074d200000, 0x000000074d200000| Untracked 
| 183|0x000000074d300000, 0x000000074d300000, 0x000000074d400000|  0%| F|  |TAMS 0x000000074d300000, 0x000000074d300000| Untracked 
| 184|0x000000074d400000, 0x000000074d400000, 0x000000074d500000|  0%| F|  |TAMS 0x000000074d400000, 0x000000074d400000| Untracked 
| 185|0x000000074d500000, 0x000000074d500000, 0x000000074d600000|  0%| F|  |TAMS 0x000000074d500000, 0x000000074d500000| Untracked 
| 186|0x000000074d600000, 0x000000074d600000, 0x000000074d700000|  0%| F|  |TAMS 0x000000074d600000, 0x000000074d600000| Untracked 
| 187|0x000000074d700000, 0x000000074d700000, 0x000000074d800000|  0%| F|  |TAMS 0x000000074d700000, 0x000000074d700000| Untracked 
| 188|0x000000074d800000, 0x000000074d800000, 0x000000074d900000|  0%| F|  |TAMS 0x000000074d800000, 0x000000074d800000| Untracked 
| 189|0x000000074d900000, 0x000000074d900000, 0x000000074da00000|  0%| F|  |TAMS 0x000000074d900000, 0x000000074d900000| Untracked 
| 190|0x000000074da00000, 0x000000074da00000, 0x000000074db00000|  0%| F|  |TAMS 0x000000074da00000, 0x000000074da00000| Untracked 
| 191|0x000000074db00000, 0x000000074db00000, 0x000000074dc00000|  0%| F|  |TAMS 0x000000074db00000, 0x000000074db00000| Untracked 

Card table byte_map: [0x000001a4979d0000,0x000001a497fd0000] _byte_map_base: 0x000001a493fc2000

Marking Bits (Prev, Next): (CMBitMap*) 0x000001a4ff8c1f38, (CMBitMap*) 0x000001a4ff8c1f70
 Prev Bits: [0x000001a4985d0000, 0x000001a49b560000)
 Next Bits: [0x000001a49b560000, 0x000001a49e4f0000)

Polling page: 0x000001a4fd7a0000

Metaspace:

Usage:
  Non-class:     15.69 MB capacity,    15.34 MB ( 98%) used,   300.59 KB (  2%) free+waste,    60.19 KB ( <1%) overhead. 
      Class:      2.13 MB capacity,     1.88 MB ( 89%) used,   217.30 KB ( 10%) free+waste,    30.06 KB (  1%) overhead. 
       Both:     17.81 MB capacity,    17.22 MB ( 97%) used,   517.89 KB (  3%) free+waste,    90.25 KB ( <1%) overhead. 

Virtual space:
  Non-class space:       24.00 MB reserved,      15.75 MB ( 66%) committed 
      Class space:        1.00 GB reserved,       2.13 MB ( <1%) committed 
             Both:        1.02 GB reserved,      17.88 MB (  2%) committed 

Chunk freelists:
   Non-Class:  7.88 KB
       Class:  0 bytes
        Both:  7.88 KB

CodeHeap 'non-profiled nmethods': size=120000Kb used=503Kb max_used=503Kb free=119496Kb
 bounds [0x000001a48fea0000, 0x000001a490110000, 0x000001a4973d0000]
CodeHeap 'profiled nmethods': size=120000Kb used=2867Kb max_used=2867Kb free=117132Kb
 bounds [0x000001a488970000, 0x000001a488c40000, 0x000001a48fea0000]
CodeHeap 'non-nmethods': size=5760Kb used=1095Kb max_used=1121Kb free=4664Kb
 bounds [0x000001a4883d0000, 0x000001a488640000, 0x000001a488970000]
 total_blobs=1874 nmethods=1474 adapters=312
 compilation: enabled
              stopped_count=0, restarted_count=0
 full_count=0

Compilation events (10 events):
Event: 2.143 Thread 0x000001a4a15ee800 1469       3       java.util.stream.AbstractPipeline::sourceSpliterator (265 bytes)
Event: 2.144 Thread 0x000001a4a15ee800 nmethod 1469 0x000001a488c39d10 code [0x000001a488c39f80, 0x000001a488c3ad88]
Event: 2.144 Thread 0x000001a4a15ee800 1471       1       java.util.stream.ReduceOps$Box::get (5 bytes)
Event: 2.144 Thread 0x000001a4a15ee800 nmethod 1471 0x000001a48ff1d690 code [0x000001a48ff1d820, 0x000001a48ff1d8d8]
Event: 2.145 Thread 0x000001a4a15ee800 1472       3       java.lang.invoke.MethodHandles$Lookup::resolveOrFail (48 bytes)
Event: 2.145 Thread 0x000001a4a15ee800 nmethod 1472 0x000001a488c3b210 code [0x000001a488c3b460, 0x000001a488c3bc78]
Event: 2.146 Thread 0x000001a4a15ee800 1473       3       java.lang.invoke.MethodHandles$Lookup::checkMethodName (43 bytes)
Event: 2.146 Thread 0x000001a4a15ee800 nmethod 1473 0x000001a488c3c010 code [0x000001a488c3c280, 0x000001a488c3cbe8]
Event: 2.147 Thread 0x000001a4a15ee800 1474       1       org.springframework.core.ResolvableType::resolve (5 bytes)
Event: 2.147 Thread 0x000001a4a15ee800 nmethod 1474 0x000001a48ff1d990 code [0x000001a48ff1db20, 0x000001a48ff1dbd8]

GC Heap History (4 events):
Event: 1.423 GC heap before
{Heap before GC invocations=0 (full 0):
 garbage-first heap   total 196608K, used 23552K [0x0000000741c00000, 0x0000000800000000)
  region size 1024K, 24 young (24576K), 0 survivors (0K)
 Metaspace       used 12512K, capacity 12971K, committed 13056K, reserved 1060864K
  class space    used 1324K, capacity 1482K, committed 1536K, reserved 1048576K
}
Event: 1.431 GC heap after
{Heap after GC invocations=1 (full 0):
 garbage-first heap   total 196608K, used 5064K [0x0000000741c00000, 0x0000000800000000)
  region size 1024K, 3 young (3072K), 3 survivors (3072K)
 Metaspace       used 12512K, capacity 12971K, committed 13056K, reserved 1060864K
  class space    used 1324K, capacity 1482K, committed 1536K, reserved 1048576K
}
Event: 2.149 GC heap before
{Heap before GC invocations=1 (full 0):
 garbage-first heap   total 196608K, used 29640K [0x0000000741c00000, 0x0000000800000000)
  region size 1024K, 28 young (28672K), 3 survivors (3072K)
 Metaspace       used 17632K, capacity 18241K, committed 18304K, reserved 1071104K
  class space    used 1928K, capacity 2176K, committed 2176K, reserved 1048576K
}
Event: 2.156 GC heap after
{Heap after GC invocations=2 (full 0):
 garbage-first heap   total 196608K, used 6272K [0x0000000741c00000, 0x0000000800000000)
  region size 1024K, 5 young (5120K), 5 survivors (5120K)
 Metaspace       used 17632K, capacity 18241K, committed 18304K, reserved 1071104K
  class space    used 1928K, capacity 2176K, committed 2176K, reserved 1048576K
}

Deoptimization events (10 events):
Event: 1.767 Thread 0x000001a4ff874800 Uncommon trap: reason=unstable_if action=reinterpret pc=0x000001a48ff07098 method=java.util.concurrent.ConcurrentHashMap.putVal(Ljava/lang/Object;Ljava/lang/Object;Z)Ljava/lang/Object; @ 231 c2
Event: 1.873 Thread 0x000001a4ff874800 Uncommon trap: reason=unstable_if action=reinterpret pc=0x000001a48fed21b4 method=java.util.HashMap.hash(Ljava/lang/Object;)I @ 1 c2
Event: 2.024 Thread 0x000001a4ff874800 Uncommon trap: reason=bimorphic_or_optimized_type_check action=maybe_recompile pc=0x000001a48fef65c0 method=java.util.HashMap.getNode(ILjava/lang/Object;)Ljava/util/HashMap$Node; @ 126 c2
Event: 2.024 Thread 0x000001a4ff874800 Uncommon trap: reason=bimorphic_or_optimized_type_check action=maybe_recompile pc=0x000001a48fef65c0 method=java.util.HashMap.getNode(ILjava/lang/Object;)Ljava/util/HashMap$Node; @ 126 c2
Event: 2.064 Thread 0x000001a4ff874800 Uncommon trap: reason=class_check action=maybe_recompile pc=0x000001a48fea9ce0 method=java.lang.String.equals(Ljava/lang/Object;)Z @ 8 c2
Event: 2.064 Thread 0x000001a4ff874800 Uncommon trap: reason=class_check action=maybe_recompile pc=0x000001a48fea9ce0 method=java.lang.String.equals(Ljava/lang/Object;)Z @ 8 c2
Event: 2.064 Thread 0x000001a4ff874800 Uncommon trap: reason=class_check action=maybe_recompile pc=0x000001a48fea9ce0 method=java.lang.String.equals(Ljava/lang/Object;)Z @ 8 c2
Event: 2.064 Thread 0x000001a4ff874800 Uncommon trap: reason=class_check action=maybe_recompile pc=0x000001a48fea9ce0 method=java.lang.String.equals(Ljava/lang/Object;)Z @ 8 c2
Event: 2.075 Thread 0x000001a4ff874800 Uncommon trap: reason=bimorphic_or_optimized_type_check action=maybe_recompile pc=0x000001a48fef65c0 method=java.util.HashMap.getNode(ILjava/lang/Object;)Ljava/util/HashMap$Node; @ 126 c2
Event: 2.075 Thread 0x000001a4ff874800 Uncommon trap: reason=bimorphic_or_optimized_type_check action=maybe_recompile pc=0x000001a48fef65c0 method=java.util.HashMap.getNode(ILjava/lang/Object;)Ljava/util/HashMap$Node; @ 126 c2

Classes redefined (0 events):
No events

Internal exceptions (10 events):
Event: 1.293 Thread 0x000001a4ff874800 Exception <a 'java/lang/NoSuchMethodError'{0x000000074c71abd0}: java.lang.invoke.Invokers$Holder.linkToTargetMethod(Ljava/lang/Object;Ljava/lang/Object;Ljava/lang/Object;Ljava/lang/Object;Ljava/lang/Object;Ljava/lang/Object;Ljava/lang/Object;)Ljava/lang/O
Event: 1.295 Thread 0x000001a4ff874800 Exception <a 'java/lang/NoSuchMethodError'{0x000000074c725498}: java.lang.invoke.DirectMethodHandle$Holder.invokeInterface(Ljava/lang/Object;Ljava/lang/Object;Ljava/lang/Object;Ljava/lang/Object;Ljava/lang/Object;)Ljava/lang/Object;> (0x000000074c725498) 
Event: 1.295 Thread 0x000001a4ff874800 Exception <a 'java/lang/IncompatibleClassChangeError'{0x000000074c728bf0}: Found class java.lang.Object, but interface was expected> (0x000000074c728bf0) thrown at [./open/src/hotspot/share/interpreter/linkResolver.cpp, line 838]
Event: 1.460 Thread 0x000001a4ff874800 Exception <a 'java/lang/ClassNotFoundException'{0x000000074db436d8}: javax/smartcardio/CardPermission> (0x000000074db436d8) thrown at [./open/src/hotspot/share/classfile/systemDictionary.cpp, line 228]
Event: 1.466 Thread 0x000001a4ff874800 Exception <a 'java/io/FileNotFoundException'{0x000000074db52650}> (0x000000074db52650) thrown at [./open/src/hotspot/share/prims/jni.cpp, line 611]
Event: 1.691 Thread 0x000001a4ff874800 Exception <a 'java/lang/NoSuchMethodError'{0x000000074d286648}: java.lang.invoke.DirectMethodHandle$Holder.invokeStaticInit(Ljava/lang/Object;Ljava/lang/Object;)I> (0x000000074d286648) thrown at [./open/src/hotspot/share/interpreter/linkResolver.cpp, line
Event: 1.725 Thread 0x000001a4ff874800 Exception <a 'java/lang/NoSuchMethodError'{0x000000074d1acce8}: java.lang.invoke.DirectMethodHandle$Holder.invokeInterface(Ljava/lang/Object;Ljava/lang/Object;)I> (0x000000074d1acce8) thrown at [./open/src/hotspot/share/interpreter/linkResolver.cpp, line 
Event: 1.738 Thread 0x000001a4ff874800 Exception <a 'java/lang/NoSuchMethodError'{0x000000074d031080}: org.slf4j.impl.StaticMDCBinder.getSingleton()Lorg/slf4j/impl/StaticMDCBinder;> (0x000000074d031080) thrown at [./open/src/hotspot/share/interpreter/linkResolver.cpp, line 772]
Event: 1.758 Thread 0x000001a4ff874800 Exception <a 'java/lang/NoSuchMethodError'{0x000000074cf15e90}: java.lang.invoke.DirectMethodHandle$Holder.invokeSpecial(Ljava/lang/Object;Ljava/lang/Object;Ljava/lang/Object;Ljava/lang/Object;)I> (0x000000074cf15e90) thrown at [./open/src/hotspot/share/i
Event: 1.873 Thread 0x000001a4ff874800 Implicit null exception at 0x000001a48fed127e to 0x000001a48fed2198

Events (10 events):
Event: 2.145 loading class java/util/AbstractMap$1$1 done
Event: 2.145 loading class org/springframework/util/ConcurrentReferenceHashMap$EntrySet
Event: 2.145 loading class org/springframework/util/ConcurrentReferenceHashMap$EntrySet done
Event: 2.146 loading class org/springframework/util/ConcurrentReferenceHashMap$EntryIterator
Event: 2.146 loading class org/springframework/util/ConcurrentReferenceHashMap$EntryIterator done
Event: 2.147 loading class org/springframework/beans/factory/config/NamedBeanHolder
Event: 2.147 loading class org/springframework/beans/factory/config/NamedBeanHolder done
Event: 2.148 loading class org/springframework/beans/factory/NamedBean
Event: 2.148 loading class org/springframework/beans/factory/NamedBean done
Event: 2.149 Executing VM operation: CollectForMetadataAllocation


Dynamic libraries:
0x00007ff7c86f0000 - 0x00007ff7c86ff000 	C:\Program Files\Java\jdk-11.0.11\bin\java.exe
0x00007ffbd71e0000 - 0x00007ffbd73e7000 	C:\WINDOWS\SYSTEM32\ntdll.dll
0x00007ffbd5cf0000 - 0x00007ffbd5dad000 	C:\WINDOWS\System32\KERNEL32.DLL
0x00007ffbd4cf0000 - 0x00007ffbd5064000 	C:\WINDOWS\System32\KERNELBASE.dll
0x00007ffbd4790000 - 0x00007ffbd48a1000 	C:\WINDOWS\System32\ucrtbase.dll
0x00007ffbce6d0000 - 0x00007ffbce6e5000 	C:\Program Files\Java\jdk-11.0.11\bin\VCRUNTIME140.dll
0x00007ffbcf010000 - 0x00007ffbcf028000 	C:\Program Files\Java\jdk-11.0.11\bin\jli.dll
0x00007ffbd58b0000 - 0x00007ffbd595c000 	C:\WINDOWS\System32\ADVAPI32.dll
0x00007ffbd5070000 - 0x00007ffbd5113000 	C:\WINDOWS\System32\msvcrt.dll
0x00007ffbd5760000 - 0x00007ffbd57fd000 	C:\WINDOWS\System32\sechost.dll
0x00007ffbd5960000 - 0x00007ffbd5a81000 	C:\WINDOWS\System32\RPCRT4.dll
0x00007ffbd66e0000 - 0x00007ffbd688c000 	C:\WINDOWS\System32\USER32.dll
0x00007ffbd46c0000 - 0x00007ffbd46e6000 	C:\WINDOWS\System32\win32u.dll
0x00007ffbd5cc0000 - 0x00007ffbd5ce9000 	C:\WINDOWS\System32\GDI32.dll
0x00007ffbd48b0000 - 0x00007ffbd49c2000 	C:\WINDOWS\System32\gdi32full.dll
0x00007ffbd46f0000 - 0x00007ffbd478d000 	C:\WINDOWS\System32\msvcp_win.dll
0x00007ffbc1d40000 - 0x00007ffbc1fe5000 	C:\WINDOWS\WinSxS\amd64_microsoft.windows.common-controls_6595b64144ccf1df_6.0.22000.120_none_9d947278b86cc467\COMCTL32.dll
0x00007ffbc9000000 - 0x00007ffbc900a000 	C:\WINDOWS\SYSTEM32\VERSION.dll
0x00007ffbd5db0000 - 0x00007ffbd5de1000 	C:\WINDOWS\System32\IMM32.DLL
0x00007ffbb5fe0000 - 0x00007ffbb607b000 	C:\Program Files\Java\jdk-11.0.11\bin\msvcp140.dll
0x00007ffb94150000 - 0x00007ffb94c4e000 	C:\Program Files\Java\jdk-11.0.11\bin\server\jvm.dll
0x00007ffbd6df0000 - 0x00007ffbd6df8000 	C:\WINDOWS\System32\PSAPI.DLL
0x00007ffbc3850000 - 0x00007ffbc3859000 	C:\WINDOWS\SYSTEM32\WSOCK32.dll
0x00007ffbd6670000 - 0x00007ffbd66df000 	C:\WINDOWS\System32\WS2_32.dll
0x00007ffbce490000 - 0x00007ffbce4c3000 	C:\WINDOWS\SYSTEM32\WINMM.dll
0x00007ffbd38d0000 - 0x00007ffbd38e8000 	C:\WINDOWS\SYSTEM32\kernel.appcore.dll
0x00007ffbcefe0000 - 0x00007ffbceff0000 	C:\Program Files\Java\jdk-11.0.11\bin\verify.dll
0x00007ffbd2250000 - 0x00007ffbd2471000 	C:\WINDOWS\SYSTEM32\DBGHELP.DLL
0x00007ffbc9930000 - 0x00007ffbc9961000 	C:\WINDOWS\SYSTEM32\dbgcore.DLL
0x00007ffbd4c00000 - 0x00007ffbd4c80000 	C:\WINDOWS\System32\bcryptPrimitives.dll
0x00007ffbc8f10000 - 0x00007ffbc8f38000 	C:\Program Files\Java\jdk-11.0.11\bin\java.dll
0x00007ffbced40000 - 0x00007ffbced4a000 	C:\Program Files\Java\jdk-11.0.11\bin\jimage.dll
0x00007ffbc99e0000 - 0x00007ffbc99ee000 	C:\Program Files\Java\jdk-11.0.11\bin\instrument.dll
0x00007ffbce650000 - 0x00007ffbce666000 	C:\Program Files\Java\jdk-11.0.11\bin\zip.dll
0x00007ffbd5e60000 - 0x00007ffbd660a000 	C:\WINDOWS\System32\SHELL32.dll
0x00007ffbd2870000 - 0x00007ffbd30d2000 	C:\WINDOWS\SYSTEM32\windows.storage.dll
0x00007ffbd5190000 - 0x00007ffbd5508000 	C:\WINDOWS\System32\combase.dll
0x00007ffbd2700000 - 0x00007ffbd2866000 	C:\WINDOWS\SYSTEM32\wintypes.dll
0x00007ffbd5510000 - 0x00007ffbd55fa000 	C:\WINDOWS\System32\SHCORE.dll
0x00007ffbd6610000 - 0x00007ffbd666d000 	C:\WINDOWS\System32\shlwapi.dll
0x00007ffbd45f0000 - 0x00007ffbd4611000 	C:\WINDOWS\SYSTEM32\profapi.dll
0x00007ffbc8ef0000 - 0x00007ffbc8f09000 	C:\Program Files\Java\jdk-11.0.11\bin\net.dll
0x00007ffbcedc0000 - 0x00007ffbceecc000 	C:\WINDOWS\SYSTEM32\WINHTTP.dll
0x00007ffbd3ce0000 - 0x00007ffbd3d47000 	C:\WINDOWS\system32\mswsock.dll
0x00007ffbc8ed0000 - 0x00007ffbc8ee2000 	C:\Program Files\Java\jdk-11.0.11\bin\nio.dll
0x00007ffbbc3d0000 - 0x00007ffbbc3ea000 	C:\IntelliJ IDEA 2021.2\bin\breakgen64.dll

dbghelp: loaded successfully - version: 4.0.5 - missing functions: none
symbol engine: initialized successfully - sym options: 0x614 - pdb path: .;C:\Program Files\Java\jdk-11.0.11\bin;C:\WINDOWS\SYSTEM32;C:\WINDOWS\WinSxS\amd64_microsoft.windows.common-controls_6595b64144ccf1df_6.0.22000.120_none_9d947278b86cc467;C:\Program Files\Java\jdk-11.0.11\bin\server;C:\IntelliJ IDEA 2021.2\bin

VM Arguments:
jvm_args: -ea -Didea.test.cyclic.buffer.size=1048576 -javaagent:C:\IntelliJ IDEA 2021.2\lib\idea_rt.jar=50205:C:\IntelliJ IDEA 2021.2\bin -Dfile.encoding=UTF-8 
java_command: com.intellij.rt.junit.JUnitStarter -ideVersion5 -junit5 hello.core.singleton.ConfigurationSingletonTest,configurationDeep
java_class_path (initial): C:\IntelliJ IDEA 2021.2\lib\idea_rt.jar;C:\Users\tjddb\.m2\repository\org\junit\platform\junit-platform-launcher\1.7.2\junit-platform-launcher-1.7.2.jar;C:\Users\tjddb\.m2\repository\org\apiguardian\apiguardian-api\1.1.0\apiguardian-api-1.1.0.jar;C:\Users\tjddb\.m2\repository\org\junit\platform\junit-platform-engine\1.7.2\junit-platform-engine-1.7.2.jar;C:\Users\tjddb\.m2\repository\org\opentest4j\opentest4j\1.2.0\opentest4j-1.2.0.jar;C:\Users\tjddb\.m2\repository\org\junit\platform\junit-platform-commons\1.7.2\junit-platform-commons-1.7.2.jar;C:\IntelliJ IDEA 2021.2\plugins\junit\lib\junit5-rt.jar;C:\IntelliJ IDEA 2021.2\plugins\junit\lib\junit-rt.jar;C:\Coding\study\core\out\test\classes;C:\Coding\study\core\out\production\classes;C:\Coding\study\core\out\production\resources;C:\Users\tjddb\.gradle\caches\modules-2\files-2.1\org.springframework.boot\spring-boot-starter-test\2.5.6\ae7b6c974539d7789bfff7bb150b333f1ffb5795\spring-boot-starter-test-2.5.6.jar;C:\Users\tjddb\.gradle\caches\modules-2\files-2.1\org.springframework.boot\spring-boot-starter\2.5.6\d5d1fada1afe9a808abf48da7066a993cf679aa\spring-boot-starter-2.5.6.jar;C:\Users\tjddb\.gradle\caches\modules-2\files-2.1\org.springframework.boot\spring-boot-test-autoconfigure\2.5.6\8e5fdad6e7e508fde028f8f5179b061ec47c5636\spring-boot-test-autoconfigure-2.5.6.jar;C:\Users\tjddb\.gradle\caches\modules-2\files-2.1\org.springframework.boot\spring-boot-test\2.5.6\d51fcfd9c4f1236e6460a476be93c96a5687612e\spring-boot-test-2.5.6.jar;C:\Users\tjddb\.gradle\caches\modules-2\files-2.1\org.springframework\spring-test\5.3.12\f993b6846c26a1f0f4ed60bc5fdba22a4839c9c1\spring-test-5.3.12.jar;C:\Users\tjddb\.gradle\caches\modules-2\files-2.1\org.springframework\spring-core\5.3.12\662e6536968246af9baa84fbac2d3eb56a04fda9\spring-core-5.3.12.jar;C:\Users\tjddb\.gradle\caches\modules-2\files-2.1\com.jayway.jsonpath\json-path\2.5.0\c35ef29095125b51638d19120f63e2b56eff20e9\json-path-2.5.0.jar;C:\Users\tjddb\.
Launcher Type: SUN_STANDARD

[Global flags]
     intx CICompilerCount                          = 4                                         {product} {ergonomic}
     uint ConcGCThreads                            = 2                                         {product} {ergonomic}
     uint G1ConcRefinementThreads                  = 8                                         {product} {ergonomic}
   size_t G1HeapRegionSize                         = 1048576                                   {product} {ergonomic}
    uintx GCDrainStackTargetSize                   = 64                                        {product} {ergonomic}
   size_t InitialHeapSize                          = 201326592                                 {product} {ergonomic}
   size_t MarkStackSize                            = 4194304                                   {product} {ergonomic}
   size_t MaxHeapSize                              = 3191865344                                {product} {ergonomic}
   size_t MaxNewSize                               = 1914699776                                {product} {ergonomic}
   size_t MinHeapDeltaBytes                        = 1048576                                   {product} {ergonomic}
    uintx NonNMethodCodeHeapSize                   = 5836300                                {pd product} {ergonomic}
    uintx NonProfiledCodeHeapSize                  = 122910970                              {pd product} {ergonomic}
    uintx ProfiledCodeHeapSize                     = 122910970                              {pd product} {ergonomic}
    uintx ReservedCodeCacheSize                    = 251658240                              {pd product} {ergonomic}
     bool SegmentedCodeCache                       = true                                      {product} {ergonomic}
     bool UseCompressedClassPointers               = true                                 {lp64_product} {ergonomic}
     bool UseCompressedOops                        = true                                 {lp64_product} {ergonomic}
     bool UseG1GC                                  = true                                      {product} {ergonomic}
     bool UseLargePagesIndividualAllocation        = false                                  {pd product} {ergonomic}

Logging:
Log output configuration:
 #0: stdout all=warning uptime,level,tags
 #1: stderr all=off uptime,level,tags

Environment Variables:
PATH=C:\Program Files (x86)\NAT Service;C:\Program Files\Common Files\Oracle\Java\javapath;C:\oraclexe\app\oracle\product\11.2.0\server\bin;C:\Program Files (x86)\Common Files\Oracle\Java\javapath;C:\WINDOWS\system32;C:\WINDOWS;C:\WINDOWS\System32\Wbem;C:\WINDOWS\System32\WindowsPowerShell\v1.0\;C:\WINDOWS\System32\OpenSSH\;C:\Program Files\Git\cmd;C:\Program Files\Microsoft VS Code\bin;C:\Program Files\nodejs\;C:\Program Files\dotnet\;%USERPROFILE%\AppData\Local\Microsoft\WindowsApps;C:\Program Files\Bandizip\;C:\Users\tjddb\AppData\Roaming\npm;C:\Users\tjddb\AppData\Local\afreeca;C:\Users\tjddb\AppData\Local\GitHubDesktop\bin;%IntelliJ IDEA%;C:\Program Files (x86)\SoftForum\XecureHSM\;
USERNAME=Seongyoon Kim
OS=Windows_NT
PROCESSOR_IDENTIFIER=Intel64 Family 6 Model 142 Stepping 10, GenuineIntel



---------------  S Y S T E M  ---------------

OS: Windows 10 , 64 bit Build 22000 (10.0.22000.318)

CPU:total 8 (initial active 8) (4 cores per cpu, 2 threads per core) family 6 model 142 stepping 10 microcode 0xe0, cmov, cx8, fxsr, mmx, sse, sse2, sse3, ssse3, sse4.1, sse4.2, popcnt, avx, avx2, aes, clmul, erms, 3dnowpref, lzcnt, ht, tsc, tscinvbit, bmi1, bmi2, adx, fma

Memory: 4k page, system-wide physical 12172M (1305M free)
TotalPageFile size 12172M (AvailPageFile size 4M)
current process WorkingSet (physical memory assigned to process): 99M, peak: 99M
current process commit charge ("private bytes"): 300M, peak: 301M

vm_info: Java HotSpot(TM) 64-Bit Server VM (11.0.11+9-LTS-194) for windows-amd64 JRE (11.0.11+9-LTS-194), built on Mar 18 2021 18:46:53 by "mach5one" with MS VC++ 15.9 (VS2017)

END.
